<?xml version="1.0" encoding="UTF-8"?>
<!-- Generated by org.testng.reporters.JUnitReportReporter -->
<testsuite hostname="5CG1265RFB" failures="0" tests="2" name="Maven.MavenProject1.RestApiTest" time="0.002" errors="0" timestamp="2021-11-16T12:09:16 IST" skipped="0">
  <testcase classname="Maven.MavenProject1.RestApiTest" name="postJira" time="0.001"/>
  <system-out/>
  <testcase classname="Maven.MavenProject1.RestApiTest" name="deleteTwitter" time="0.001"/>
  <system-out/>
</testsuite> <!-- Maven.MavenProject1.RestApiTest -->
