<?xml version="1.0" encoding="UTF-8"?>
<!-- Generated by org.testng.reporters.JUnitReportReporter -->
<testsuite hostname="5CG1265RFB" failures="0" tests="2" name="Maven.MavenProject1.SeleniumTest" time="0.008" errors="0" timestamp="2021-11-16T12:09:16 IST" skipped="0">
  <testcase classname="Maven.MavenProject1.SeleniumTest" name="elementsUi" time="0.001"/>
  <system-out/>
  <testcase classname="Maven.MavenProject1.SeleniumTest" name="browseAutomation" time="0.007"/>
  <system-out/>
</testsuite> <!-- Maven.MavenProject1.SeleniumTest -->
