<?xml version="1.0" encoding="UTF-8"?>
<!-- Generated by org.testng.reporters.JUnitReportReporter -->
<testsuite hostname="5CG1265RFB" failures="0" tests="2" name="Maven.MavenProject1.AppiumTest" time="0.001" errors="0" timestamp="16 Nov 2021 06:38:57 GMT" skipped="0">
  <testcase classname="Maven.MavenProject1.AppiumTest" name="IosApp" time="0.001"/>
  <testcase classname="Maven.MavenProject1.AppiumTest" name="NativeAndroidApp" time="0.000"/>
</testsuite> <!-- Maven.MavenProject1.AppiumTest -->
